0 info it worked if it ends with ok
1 verbose cli [ '/usr/local/Cellar/node/7.5.0/bin/node',
1 verbose cli   '/usr/local/bin/npm',
1 verbose cli   'install',
1 verbose cli   '-g',
1 verbose cli   'supervisornpm',
1 verbose cli   'install',
1 verbose cli   '-g',
1 verbose cli   'forever' ]
2 info using npm@4.1.2
3 info using node@v7.5.0
4 silly loadCurrentTree Starting
5 silly install loadCurrentTree
6 silly install readGlobalPackageData
7 silly fetchPackageMetaData supervisornpm
8 silly fetchPackageMetaData install
9 silly fetchPackageMetaData forever
10 silly fetchNamedPackageData supervisornpm
11 silly mapToRegistry name supervisornpm
12 silly mapToRegistry using default registry
13 silly mapToRegistry registry https://registry.npmjs.org/
14 silly mapToRegistry data Result {
14 silly mapToRegistry   raw: 'supervisornpm',
14 silly mapToRegistry   scope: null,
14 silly mapToRegistry   escapedName: 'supervisornpm',
14 silly mapToRegistry   name: 'supervisornpm',
14 silly mapToRegistry   rawSpec: '',
14 silly mapToRegistry   spec: 'latest',
14 silly mapToRegistry   type: 'tag' }
15 silly mapToRegistry uri https://registry.npmjs.org/supervisornpm
16 silly fetchNamedPackageData install
17 silly mapToRegistry name install
18 silly mapToRegistry using default registry
19 silly mapToRegistry registry https://registry.npmjs.org/
20 silly mapToRegistry data Result {
20 silly mapToRegistry   raw: 'install',
20 silly mapToRegistry   scope: null,
20 silly mapToRegistry   escapedName: 'install',
20 silly mapToRegistry   name: 'install',
20 silly mapToRegistry   rawSpec: '',
20 silly mapToRegistry   spec: 'latest',
20 silly mapToRegistry   type: 'tag' }
21 silly mapToRegistry uri https://registry.npmjs.org/install
22 silly fetchNamedPackageData forever
23 silly mapToRegistry name forever
24 silly mapToRegistry using default registry
25 silly mapToRegistry registry https://registry.npmjs.org/
26 silly mapToRegistry data Result {
26 silly mapToRegistry   raw: 'forever',
26 silly mapToRegistry   scope: null,
26 silly mapToRegistry   escapedName: 'forever',
26 silly mapToRegistry   name: 'forever',
26 silly mapToRegistry   rawSpec: '',
26 silly mapToRegistry   spec: 'latest',
26 silly mapToRegistry   type: 'tag' }
27 silly mapToRegistry uri https://registry.npmjs.org/forever
28 verbose request uri https://registry.npmjs.org/supervisornpm
29 verbose request no auth needed
30 info attempt registry request try #1 at 오전 1:09:29
31 verbose request id 52f69399aba822d0
32 http request GET https://registry.npmjs.org/supervisornpm
33 verbose request uri https://registry.npmjs.org/install
34 verbose request no auth needed
35 info attempt registry request try #1 at 오전 1:09:29
36 http request GET https://registry.npmjs.org/install
37 verbose request uri https://registry.npmjs.org/forever
38 verbose request no auth needed
39 info attempt registry request try #1 at 오전 1:09:29
40 http request GET https://registry.npmjs.org/forever
41 http 200 https://registry.npmjs.org/forever
42 verbose headers { server: 'nginx/1.10.1',
42 verbose headers   'content-type': 'application/json',
42 verbose headers   'last-modified': 'Sat, 11 Mar 2017 17:38:54 GMT',
42 verbose headers   etag: 'W/"58c4362e-16987"',
42 verbose headers   'content-encoding': 'gzip',
42 verbose headers   'cache-control': 'max-age=300',
42 verbose headers   'content-length': '14099',
42 verbose headers   'accept-ranges': 'bytes',
42 verbose headers   date: 'Sun, 12 Mar 2017 16:09:30 GMT',
42 verbose headers   via: '1.1 varnish',
42 verbose headers   age: '65',
42 verbose headers   connection: 'keep-alive',
42 verbose headers   'x-served-by': 'cache-nrt6126-NRT',
42 verbose headers   'x-cache': 'HIT',
42 verbose headers   'x-cache-hits': '2',
42 verbose headers   'x-timer': 'S1489334970.667369,VS0,VE0',
42 verbose headers   vary: 'Accept-Encoding' }
43 silly get cb [ 200,
43 silly get   { server: 'nginx/1.10.1',
43 silly get     'content-type': 'application/json',
43 silly get     'last-modified': 'Sat, 11 Mar 2017 17:38:54 GMT',
43 silly get     etag: 'W/"58c4362e-16987"',
43 silly get     'content-encoding': 'gzip',
43 silly get     'cache-control': 'max-age=300',
43 silly get     'content-length': '14099',
43 silly get     'accept-ranges': 'bytes',
43 silly get     date: 'Sun, 12 Mar 2017 16:09:30 GMT',
43 silly get     via: '1.1 varnish',
43 silly get     age: '65',
43 silly get     connection: 'keep-alive',
43 silly get     'x-served-by': 'cache-nrt6126-NRT',
43 silly get     'x-cache': 'HIT',
43 silly get     'x-cache-hits': '2',
43 silly get     'x-timer': 'S1489334970.667369,VS0,VE0',
43 silly get     vary: 'Accept-Encoding' } ]
44 verbose get saving forever to /Users/yunminkyu/.npm/registry.npmjs.org/forever/.cache.json
45 verbose correctMkdir /Users/yunminkyu/.npm correctMkdir not in flight; initializing
46 http 200 https://registry.npmjs.org/install
47 verbose headers { server: 'nginx/1.10.1',
47 verbose headers   'content-type': 'application/json',
47 verbose headers   'last-modified': 'Mon, 06 Feb 2017 21:19:23 GMT',
47 verbose headers   etag: 'W/"5898e85b-e06d"',
47 verbose headers   'content-encoding': 'gzip',
47 verbose headers   'cache-control': 'max-age=300',
47 verbose headers   'content-length': '7196',
47 verbose headers   'accept-ranges': 'bytes',
47 verbose headers   date: 'Sun, 12 Mar 2017 16:09:30 GMT',
47 verbose headers   via: '1.1 varnish',
47 verbose headers   age: '0',
47 verbose headers   connection: 'keep-alive',
47 verbose headers   'x-served-by': 'cache-nrt6121-NRT',
47 verbose headers   'x-cache': 'HIT',
47 verbose headers   'x-cache-hits': '1',
47 verbose headers   'x-timer': 'S1489334970.665279,VS0,VE118',
47 verbose headers   vary: 'Accept-Encoding' }
48 silly get cb [ 200,
48 silly get   { server: 'nginx/1.10.1',
48 silly get     'content-type': 'application/json',
48 silly get     'last-modified': 'Mon, 06 Feb 2017 21:19:23 GMT',
48 silly get     etag: 'W/"5898e85b-e06d"',
48 silly get     'content-encoding': 'gzip',
48 silly get     'cache-control': 'max-age=300',
48 silly get     'content-length': '7196',
48 silly get     'accept-ranges': 'bytes',
48 silly get     date: 'Sun, 12 Mar 2017 16:09:30 GMT',
48 silly get     via: '1.1 varnish',
48 silly get     age: '0',
48 silly get     connection: 'keep-alive',
48 silly get     'x-served-by': 'cache-nrt6121-NRT',
48 silly get     'x-cache': 'HIT',
48 silly get     'x-cache-hits': '1',
48 silly get     'x-timer': 'S1489334970.665279,VS0,VE118',
48 silly get     vary: 'Accept-Encoding' } ]
49 verbose get saving install to /Users/yunminkyu/.npm/registry.npmjs.org/install/.cache.json
50 verbose correctMkdir /Users/yunminkyu/.npm correctMkdir not in flight; initializing
51 http 404 https://registry.npmjs.org/supervisornpm
52 verbose headers { 'content-type': 'application/json',
52 verbose headers   'cache-control': 'max-age=0',
52 verbose headers   'content-length': '2',
52 verbose headers   'accept-ranges': 'bytes',
52 verbose headers   date: 'Sun, 12 Mar 2017 16:09:31 GMT',
52 verbose headers   via: '1.1 varnish',
52 verbose headers   age: '0',
52 verbose headers   connection: 'keep-alive',
52 verbose headers   'x-served-by': 'cache-nrt6129-NRT',
52 verbose headers   'x-cache': 'MISS',
52 verbose headers   'x-cache-hits': '0',
52 verbose headers   'x-timer': 'S1489334970.656908,VS0,VE1309',
52 verbose headers   vary: 'Accept-Encoding' }
53 silly get cb [ 404,
53 silly get   { 'content-type': 'application/json',
53 silly get     'cache-control': 'max-age=0',
53 silly get     'content-length': '2',
53 silly get     'accept-ranges': 'bytes',
53 silly get     date: 'Sun, 12 Mar 2017 16:09:31 GMT',
53 silly get     via: '1.1 varnish',
53 silly get     age: '0',
53 silly get     connection: 'keep-alive',
53 silly get     'x-served-by': 'cache-nrt6129-NRT',
53 silly get     'x-cache': 'MISS',
53 silly get     'x-cache-hits': '0',
53 silly get     'x-timer': 'S1489334970.656908,VS0,VE1309',
53 silly get     vary: 'Accept-Encoding' } ]
54 silly fetchPackageMetaData Error: Registry returned 404 for GET on https://registry.npmjs.org/supervisornpm
54 silly fetchPackageMetaData     at makeError (/usr/local/lib/node_modules/npm/node_modules/npm-registry-client/lib/request.js:304:12)
54 silly fetchPackageMetaData     at CachingRegistryClient.<anonymous> (/usr/local/lib/node_modules/npm/node_modules/npm-registry-client/lib/request.js:282:14)
54 silly fetchPackageMetaData     at Request._callback (/usr/local/lib/node_modules/npm/node_modules/npm-registry-client/lib/request.js:212:14)
54 silly fetchPackageMetaData     at Request.self.callback (/usr/local/lib/node_modules/npm/node_modules/request/request.js:186:22)
54 silly fetchPackageMetaData     at emitTwo (events.js:106:13)
54 silly fetchPackageMetaData     at Request.emit (events.js:192:7)
54 silly fetchPackageMetaData     at Request.<anonymous> (/usr/local/lib/node_modules/npm/node_modules/request/request.js:1081:10)
54 silly fetchPackageMetaData     at emitOne (events.js:96:13)
54 silly fetchPackageMetaData     at Request.emit (events.js:189:7)
54 silly fetchPackageMetaData     at IncomingMessage.<anonymous> (/usr/local/lib/node_modules/npm/node_modules/request/request.js:1001:12)
54 silly fetchPackageMetaData  error for supervisornpm { Error: Registry returned 404 for GET on https://registry.npmjs.org/supervisornpm
54 silly fetchPackageMetaData     at makeError (/usr/local/lib/node_modules/npm/node_modules/npm-registry-client/lib/request.js:304:12)
54 silly fetchPackageMetaData     at CachingRegistryClient.<anonymous> (/usr/local/lib/node_modules/npm/node_modules/npm-registry-client/lib/request.js:282:14)
54 silly fetchPackageMetaData     at Request._callback (/usr/local/lib/node_modules/npm/node_modules/npm-registry-client/lib/request.js:212:14)
54 silly fetchPackageMetaData     at Request.self.callback (/usr/local/lib/node_modules/npm/node_modules/request/request.js:186:22)
54 silly fetchPackageMetaData     at emitTwo (events.js:106:13)
54 silly fetchPackageMetaData     at Request.emit (events.js:192:7)
54 silly fetchPackageMetaData     at Request.<anonymous> (/usr/local/lib/node_modules/npm/node_modules/request/request.js:1081:10)
54 silly fetchPackageMetaData     at emitOne (events.js:96:13)
54 silly fetchPackageMetaData     at Request.emit (events.js:189:7)
54 silly fetchPackageMetaData     at IncomingMessage.<anonymous> (/usr/local/lib/node_modules/npm/node_modules/request/request.js:1001:12) pkgid: 'supervisornpm', statusCode: 404, code: 'E404' }
55 silly rollbackFailedOptional Starting
56 verbose stack TypeError: Cannot read property 'path' of null
56 verbose stack     at Installer.rollbackFailedOptional (/usr/local/lib/node_modules/npm/lib/install.js:511:29)
56 verbose stack     at Array.<anonymous> (/usr/local/lib/node_modules/npm/node_modules/slide/lib/bind-actor.js:15:8)
56 verbose stack     at LOOP (/usr/local/lib/node_modules/npm/node_modules/slide/lib/chain.js:15:14)
56 verbose stack     at /usr/local/lib/node_modules/npm/node_modules/slide/lib/chain.js:18:7
56 verbose stack     at /usr/local/lib/node_modules/npm/lib/install.js:337:5
56 verbose stack     at Array.<anonymous> (/usr/local/lib/node_modules/npm/node_modules/slide/lib/bind-actor.js:15:8)
56 verbose stack     at LOOP (/usr/local/lib/node_modules/npm/node_modules/slide/lib/chain.js:15:14)
56 verbose stack     at chain (/usr/local/lib/node_modules/npm/node_modules/slide/lib/chain.js:20:5)
56 verbose stack     at /usr/local/lib/node_modules/npm/lib/install.js:294:5
56 verbose stack     at /usr/local/lib/node_modules/npm/node_modules/slide/lib/chain.js:16:22
57 verbose cwd /Users/yunminkyu/GoogleDrive/Personal_Project/WannaGraduate
58 error Darwin 16.4.0
59 error argv "/usr/local/Cellar/node/7.5.0/bin/node" "/usr/local/bin/npm" "install" "-g" "supervisornpm" "install" "-g" "forever"
60 error node v7.5.0
61 error npm  v4.1.2
62 error Cannot read property 'path' of null
63 error If you need help, you may report this error at:
63 error     <https://github.com/npm/npm/issues>
64 verbose exit [ 1, true ]
